<?xml version="1.0" encoding="UTF-8"?>
<!-- Generated by org.testng.reporters.JUnitXMLReporter -->
<testsuite ignored="0" hostname="DESKTOP-A8RHJQ2" failures="0" tests="4" name="Default test" time="58.051" errors="0" timestamp="2024-07-23T11:51:49 EDT">
  <testcase classname="companytim.Tests.SubmitOrderTest" name="submitOrder" time="4.529"/>
  <testcase classname="companytim.Tests.SubmitOrderTest" name="submitOrder" time="4.716"/>
  <testcase classname="companytim.Tests.SubmitOrderTest" name="submitOrder" time="4.718"/>
  <testcase classname="companytim.Tests.SubmitOrderTest" name="OrderHistoryTest" time="1.451"/>
</testsuite> <!-- Default test -->
