<?xml version="1.0" encoding="UTF-8"?>
<!-- Generated by org.testng.reporters.JUnitXMLReporter -->
<testsuite ignored="0" hostname="DESKTOP-A8RHJQ2" failures="1" tests="4" name="Error Validation" time="59.472" errors="0" timestamp="2024-06-21T13:15:26 EDT">
  <testcase classname="companytim.Tests.errorValidationTest" name="loginValidation" time="1.575">
    <skipped/>
  </testcase> <!-- loginValidation -->
  <testcase classname="companytim.Tests.errorValidationTest" name="loginValidation" time="1.225">
    <skipped/>
  </testcase> <!-- loginValidation -->
  <testcase classname="companytim.Tests.errorValidationTest" name="loginValidation" time="1.546">
    <failure type="java.lang.AssertionError" message="expected [Incorrect email or password.] but found [Incorrect email o password.]">
      <![CDATA[java.lang.AssertionError: expected [Incorrect email or password.] but found [Incorrect email o password.]
at companytim.Tests.errorValidationTest.loginValidation(errorValidationTest.java:34)
at java.base/java.util.ArrayList.forEach(ArrayList.java:1511)
at java.base/java.util.concurrent.FutureTask.run(FutureTask.java:264)
at java.base/java.util.concurrent.ThreadPoolExecutor.runWorker(ThreadPoolExecutor.java:1136)
at java.base/java.util.concurrent.ThreadPoolExecutor$Worker.run(ThreadPoolExecutor.java:635)
at java.base/java.lang.Thread.run(Thread.java:840)
... Removed 23 stack frames]]>
    </failure>
  </testcase> <!-- loginValidation -->
  <testcase classname="companytim.Tests.errorValidationTest" name="productErrorValidation" time="6.918"/>
</testsuite> <!-- Error Validation -->
