<?xml version="1.0" encoding="UTF-8"?>
<!-- Generated by org.testng.reporters.JUnitXMLReporter -->
<testsuite ignored="0" hostname="DESKTOP-A8RHJQ2" failures="0" tests="3" name="Submit Order Test" time="53.159" errors="0" timestamp="2024-06-21T13:15:20 EDT">
  <testcase classname="companytim.Tests.SubmitOrderTest" name="submitOrder" time="5.891"/>
  <testcase classname="companytim.Tests.SubmitOrderTest" name="submitOrder" time="9.037"/>
  <testcase classname="companytim.Tests.SubmitOrderTest" name="OrderHistoryTest" time="1.444"/>
</testsuite> <!-- Submit Order Test -->
