<?xml version="1.0" encoding="UTF-8"?>
<!-- Generated by org.testng.reporters.JUnitXMLReporter -->
<testsuite ignored="0" hostname="DESKTOP-A8RHJQ2" failures="0" tests="2" name="Error Validation" time="47.093" errors="0" timestamp="2024-07-01T11:37:40 EDT">
  <testcase classname="companytim.Tests.errorValidationTest" name="loginValidation" time="1.577"/>
  <testcase classname="companytim.Tests.errorValidationTest" name="productErrorValidation" time="3.294"/>
</testsuite> <!-- Error Validation -->
