<?xml version="1.0" encoding="UTF-8"?>
<!-- Generated by org.testng.reporters.JUnitXMLReporter -->
<testsuite ignored="0" hostname="DESKTOP-A8RHJQ2" failures="0" tests="4" name="Submit Order Test" time="68.773" errors="0" timestamp="2024-07-01T11:38:01 EDT">
  <testcase classname="companytim.Tests.SubmitOrderTest" name="submitOrder" time="5.904"/>
  <testcase classname="companytim.Tests.SubmitOrderTest" name="submitOrder" time="4.442"/>
  <testcase classname="companytim.Tests.SubmitOrderTest" name="submitOrder" time="4.214"/>
  <testcase classname="companytim.Tests.SubmitOrderTest" name="OrderHistoryTest" time="1.536"/>
</testsuite> <!-- Submit Order Test -->
