<?xml version="1.0" encoding="UTF-8"?>
<testng-results ignored="0" total="1" passed="1" failed="0" skipped="0">
  <reporter-output>
  </reporter-output>
  <suite started-at="2024-07-23T12:56:13 EDT" name="Surefire suite" finished-at="2024-07-23T12:56:27 EDT" duration-ms="14568">
    <groups>
      <group name="cucumber">
        <method signature="AbstractTestNGCucumberTests.runScenario(io.cucumber.testng.PickleWrapper,io.cucumber.testng.FeatureWrapper)[pri:0, instance:cucumber.TestNGRunner@76508ed1]" name="runScenario" class="io.cucumber.testng.AbstractTestNGCucumberTests"/>
      </group> <!-- cucumber -->
    </groups>
    <test started-at="2024-07-23T12:56:13 EDT" name="Surefire test" finished-at="2024-07-23T12:56:27 EDT" duration-ms="14568">
      <class name="cucumber.TestNGRunner">
        <test-method is-config="true" signature="setUpClass(org.testng.ITestContext)[pri:0, instance:cucumber.TestNGRunner@76508ed1]" started-at="2024-07-23T12:56:13 EDT" name="setUpClass" finished-at="2024-07-23T12:56:13 EDT" duration-ms="897" status="PASS">
          <params>
            <param index="0">
              <value>
                <![CDATA[org.testng.TestRunner@4052c8c2]]>
              </value>
            </param>
          </params>
          <reporter-output>
          </reporter-output>
        </test-method> <!-- setUpClass -->
        <test-method signature="runScenario(io.cucumber.testng.PickleWrapper,io.cucumber.testng.FeatureWrapper)[pri:0, instance:cucumber.TestNGRunner@76508ed1]" started-at="2024-07-23T12:56:14 EDT" name="runScenario" description="Runs Cucumber Scenarios" data-provider="scenarios" finished-at="2024-07-23T12:56:27 EDT" duration-ms="13545" status="PASS">
          <params>
            <param index="0">
              <value>
                <![CDATA["Positive Testing of submitting order"]]>
              </value>
            </param>
            <param index="1">
              <value>
                <![CDATA["Submit Order on Ecommerce Website"]]>
              </value>
            </param>
          </params>
          <reporter-output>
          </reporter-output>
        </test-method> <!-- runScenario -->
        <test-method is-config="true" signature="tearDownClass()[pri:0, instance:cucumber.TestNGRunner@76508ed1]" started-at="2024-07-23T12:56:27 EDT" name="tearDownClass" finished-at="2024-07-23T12:56:27 EDT" duration-ms="48" status="PASS">
          <reporter-output>
          </reporter-output>
        </test-method> <!-- tearDownClass -->
      </class> <!-- cucumber.TestNGRunner -->
    </test> <!-- Surefire test -->
  </suite> <!-- Surefire suite -->
</testng-results>
